<?xml version="1.0" encoding="UTF-8"?>
<testsuite name="org.example.InfixToPostfixProblemTest" tests="1" skipped="0" failures="0" errors="0" timestamp="2023-01-15T17:51:19" hostname="Vickys-iMac.local" time="0.016">
  <properties/>
  <testcase name="testInput1()" classname="org.example.InfixToPostfixProblemTest" time="0.016"/>
  <system-out><![CDATA[[a]
[]
[a]
[+]
[a, b]
[+]
[a, b]
[+, *]
[a, b]
[+, *, (]
[a, b, c]
[+, *, (]
[a, b, c]
[+, *, (, ^]
[a, b, c, d]
[+, *, (, ^]
[a, b, c, d, ^]
[+, *, (, -]
[a, b, c, d, ^, e]
[+, *, (, -]
[a, b, c, d, ^, e, -]
[+, *]
[a, b, c, d, ^, e, -]
[+, *, ^]
[a, b, c, d, ^, e, -]
[+, *, ^, (]
[a, b, c, d, ^, e, -, f]
[+, *, ^, (]
[a, b, c, d, ^, e, -, f]
[+, *, ^, (, +]
[a, b, c, d, ^, e, -, f, g]
[+, *, ^, (, +]
[a, b, c, d, ^, e, -, f, g]
[+, *, ^, (, +, *]
[a, b, c, d, ^, e, -, f, g, h]
[+, *, ^, (, +, *]
[a, b, c, d, ^, e, -, f, g, h, *, +]
[+, *, ^]
[a, b, c, d, ^, e, -, f, g, h, *, +, ^, *, +]
[-]
[a, b, c, d, ^, e, -, f, g, h, *, +, ^, *, +, i]
[-]
]]></system-out>
  <system-err><![CDATA[]]></system-err>
</testsuite>
